

times in msec
 clock   self+sourced   self:  sourced script
 clock   elapsed:              other lines

000.010  000.010: --- NVIM STARTING ---
000.813  000.803: locale set
005.486  004.673: inits 1
005.509  000.023: window checked
005.946  000.438: parsing arguments
006.187  000.241: expanding arguments
006.313  000.126: inits 2
007.240  000.927: init highlight
018.295  000.056  000.056: sourcing /Users/nick/.vim/ftdetect/python.vim
018.517  010.349  010.293: sourcing /usr/local/share/nvim/runtime/filetype.vim
018.737  000.085  000.085: sourcing /usr/local/share/nvim/runtime/ftplugin.vim
019.516  000.390  000.390: sourcing /usr/local/share/nvim/runtime/syntax/syncolor.vim
019.673  000.672  000.281: sourcing /usr/local/share/nvim/runtime/syntax/synload.vim
019.721  000.843  000.171: sourcing /usr/local/share/nvim/runtime/syntax/syntax.vim
020.639  000.262  000.262: sourcing /usr/local/share/nvim/runtime/syntax/syncolor.vim
021.817  000.240  000.240: sourcing /usr/local/share/nvim/runtime/syntax/syncolor.vim
022.677  000.240  000.240: sourcing /usr/local/share/nvim/runtime/syntax/syncolor.vim
023.257  003.421  002.680: sourcing /usr/local/share/nvim/runtime/colors/darkblue.vim
023.571  015.548  000.850: sourcing /Users/nick/.vim/config/config.vim
027.648  003.889  003.889: sourcing /Users/nick/.vim/autoload/plug.vim
029.092  001.120  001.120: sourcing /Users/nick/.vim/config/vim-plug/nvim.plug.vim
037.082  000.725  000.725: sourcing /usr/local/share/nvim/runtime/ftoff.vim
049.933  000.029  000.029: sourcing /Users/nick/.vim/ftdetect/python.vim
050.135  000.023  000.023: sourcing /Users/nick/.vim/plugged/yats/ftdetect/tsx.vim
050.201  000.020  000.020: sourcing /Users/nick/.vim/plugged/yats/ftdetect/typescript.vim
050.338  000.041  000.041: sourcing /Users/nick/.vim/plugged/vim-markdown/ftdetect/markdown.vim
050.519  000.086  000.086: sourcing /Users/nick/.vim/plugged/vim-fish/ftdetect/fish.vim
050.646  000.021  000.021: sourcing /Users/nick/.vim/plugged/vim-fugitive/ftdetect/fugitive.vim
050.808  000.028  000.028: sourcing /Users/nick/.vim/plugged/neosnippet.vim/ftdetect/neosnippet.vim
051.001  009.011  008.764: sourcing /usr/local/share/nvim/runtime/filetype.vim
051.262  000.028  000.028: sourcing /usr/local/share/nvim/runtime/ftplugin.vim
051.568  000.076  000.076: sourcing /usr/local/share/nvim/runtime/indent.vim
051.919  028.240  013.391: sourcing /Users/nick/.vim/config/plug.vim
052.232  000.215  000.215: sourcing /Users/nick/.vim/config/functions.vim
054.762  000.251  000.251: sourcing /usr/local/share/nvim/runtime/syntax/syncolor.vim
055.669  000.233  000.233: sourcing /usr/local/share/nvim/runtime/syntax/syncolor.vim
065.866  013.068  012.585: sourcing /Users/nick/.vim/plugged/papercolor-theme/colors/papercolor.vim
068.730  000.608  000.608: sourcing /usr/local/share/nvim/runtime/syntax/syncolor.vim
072.006  000.606  000.606: sourcing /usr/local/share/nvim/runtime/syntax/syncolor.vim
080.756  014.715  013.501: sourcing /Users/nick/.vim/plugged/papercolor-theme/colors/PaperColor.vim
080.789  028.457  000.674: sourcing /Users/nick/.vim/config/theme.vim
081.048  000.164  000.164: sourcing /Users/nick/.vim/config/keymap.vim
081.070  073.229  000.605: sourcing /Users/nick/.vimrc
081.078  073.404  000.176: sourcing /Users/nick/.config/nvim/init.vim
081.083  000.438: sourcing vimrc file(s)
081.638  000.130  000.130: sourcing /Users/nick/.vim/plugged/deoplete.nvim/autoload/deoplete.vim
081.747  000.339  000.210: sourcing /Users/nick/.vim/plugged/deoplete.nvim/plugin/deoplete.vim
082.332  000.134  000.134: sourcing /Users/nick/.vim/plugged/vim-airline/autoload/airline/init.vim
082.970  000.183  000.183: sourcing /Users/nick/.vim/plugged/vim-airline/autoload/airline/parts.vim
084.318  000.150  000.150: sourcing /Users/nick/.vim/plugged/vim-airline/autoload/airline/util.vim
084.394  002.499  002.033: sourcing /Users/nick/.vim/plugged/vim-airline/plugin/airline.vim
084.590  000.031  000.031: sourcing /Users/nick/.vim/plugged/vim-airline-themes/plugin/airline-themes.vim
085.259  000.189  000.189: sourcing /Users/nick/.vim/plugged/vim-gitgutter/autoload/gitgutter/utility.vim
085.900  000.127  000.127: sourcing /Users/nick/.vim/plugged/vim-gitgutter/autoload/gitgutter/highlight.vim
086.838  002.100  001.784: sourcing /Users/nick/.vim/plugged/vim-gitgutter/plugin/gitgutter.vim
087.640  000.645  000.645: sourcing /Users/nick/.fzf/plugin/fzf.vim
088.834  001.039  001.039: sourcing /Users/nick/.vim/plugged/fzf.vim/plugin/fzf.vim
089.710  000.124  000.124: sourcing /Users/nick/.vim/plugged/ale/autoload/ale/events.vim
089.873  000.884  000.759: sourcing /Users/nick/.vim/plugged/ale/plugin/ale.vim
090.341  000.273  000.273: sourcing /Users/nick/.vim/plugged/gv.vim/plugin/gv.vim
090.828  000.333  000.333: sourcing /Users/nick/.vim/plugged/vim-fugitive/plugin/fugitive.vim
092.193  001.157  001.157: sourcing /Users/nick/.vim/plugged/asyncrun.vim/plugin/asyncrun.vim
092.553  000.198  000.198: sourcing /Users/nick/.vim/plugged/neosnippet.vim/plugin/neosnippet.vim
092.812  000.089  000.089: sourcing /Users/nick/.vim/plugged/echodoc/plugin/echodoc.vim
093.629  000.232  000.232: sourcing /usr/local/share/nvim/runtime/plugin/gzip.vim
093.707  000.022  000.022: sourcing /usr/local/share/nvim/runtime/plugin/health.vim
093.837  000.074  000.074: sourcing /usr/local/share/nvim/runtime/plugin/man.vim
094.464  000.573  000.573: sourcing /usr/local/share/nvim/runtime/plugin/matchit.vim
094.742  000.219  000.219: sourcing /usr/local/share/nvim/runtime/plugin/matchparen.vim
095.389  000.584  000.584: sourcing /usr/local/share/nvim/runtime/plugin/netrwPlugin.vim
096.265  000.275  000.275: sourcing /usr/local/share/nvim/runtime/autoload/remote/host.vim
096.928  000.226  000.226: sourcing /usr/local/share/nvim/runtime/autoload/remote/define.vim
101.630  005.894  005.393: sourcing /Users/nick/.local/share/nvim/rplugin.vim
101.643  006.175  000.280: sourcing /usr/local/share/nvim/runtime/plugin/rplugin.vim
101.754  000.027  000.027: sourcing /usr/local/share/nvim/runtime/plugin/rrhelper.vim
101.956  000.142  000.142: sourcing /usr/local/share/nvim/runtime/plugin/shada.vim
102.096  000.057  000.057: sourcing /usr/local/share/nvim/runtime/plugin/spellfile.vim
102.350  000.192  000.192: sourcing /usr/local/share/nvim/runtime/plugin/tarPlugin.vim
102.544  000.132  000.132: sourcing /usr/local/share/nvim/runtime/plugin/tohtml.vim
102.645  000.041  000.041: sourcing /usr/local/share/nvim/runtime/plugin/tutor.vim
102.966  000.263  000.263: sourcing /usr/local/share/nvim/runtime/plugin/zipPlugin.vim
102.976  003.574: loading plugins
103.119  000.143: loading packages
103.218  000.099: loading after plugins
103.224  000.006: inits 3
107.346  004.122: reading ShaDa
110.509  003.163: clearing screen
116.306  000.103  000.103: sourcing /usr/local/share/nvim/runtime/autoload/provider/pythonx.vim
116.521  000.588  000.484: sourcing /usr/local/share/nvim/runtime/autoload/provider/python3.vim
119.940  005.364  004.777: sourcing /usr/local/share/nvim/runtime/ftplugin/python.vim
120.680  000.323  000.323: sourcing /Users/nick/.vim/after/ftplugin/python.vim
123.509  002.192  002.192: sourcing /usr/local/share/nvim/runtime/syntax/python.vim
125.704  000.035  000.035: sourcing /usr/local/share/nvim/runtime/autoload/provider.vim
331.778  206.840  206.804: sourcing /Users/nick/.vim/plugged/black/plugin/black.vim
333.262  000.032  000.032: sourcing /usr/local/share/nvim/runtime/ftplugin/python.vim
333.713  000.072  000.072: sourcing /Users/nick/.vim/after/ftplugin/python.vim
335.026  000.886  000.886: sourcing /usr/local/share/nvim/runtime/indent/python.vim
335.468  000.065  000.065: sourcing /usr/local/share/nvim/runtime/indent/python.vim
336.038  000.327  000.327: sourcing /Users/nick/.vim/plugged/vim-airline/autoload/airline/extensions.vim
336.341  000.178  000.178: sourcing /Users/nick/.vim/plugged/vim-airline/autoload/airline/extensions/tabline.vim
336.559  000.075  000.075: sourcing /Users/nick/.vim/plugged/vim-airline/autoload/airline/extensions/tabline/autoshow.vim
336.890  000.120  000.120: sourcing /Users/nick/.vim/plugged/vim-airline/autoload/airline/extensions/tabline/tabs.vim
337.234  000.202  000.202: sourcing /Users/nick/.vim/plugged/vim-airline/autoload/airline/extensions/tabline/buffers.vim
337.526  000.083  000.083: sourcing /Users/nick/.vim/plugged/vim-airline/autoload/airline/extensions/ale.vim
338.018  000.253  000.253: sourcing /Users/nick/.vim/plugged/vim-airline/autoload/airline/extensions/branch.vim
338.308  000.107  000.107: sourcing /Users/nick/.vim/plugged/vim-airline/autoload/airline/extensions/hunks.vim
338.583  000.125  000.125: sourcing /Users/nick/.vim/plugged/vim-airline/autoload/airline/extensions/wordcount.vim
338.915  000.207  000.207: sourcing /Users/nick/.vim/plugged/vim-airline/autoload/airline.vim
339.104  000.048  000.048: sourcing /Users/nick/.vim/plugged/vim-airline/autoload/airline/extensions/virtualenv.vim
339.361  000.093  000.093: sourcing /Users/nick/.vim/plugged/vim-airline/autoload/airline/section.vim
339.825  000.251  000.251: sourcing /Users/nick/.vim/plugged/vim-airline/autoload/airline/highlighter.vim
343.400  000.075  000.075: sourcing /Users/nick/.vim/plugged/vim-airline/autoload/airline/themes.vim
343.742  000.541  000.465: sourcing /Users/nick/.vim/plugged/vim-airline-themes/autoload/airline/themes/papercolor.vim
347.300  000.370  000.370: sourcing /Users/nick/.vim/plugged/vim-airline-themes/autoload/airline/themes/papercolor.vim
378.725  000.192  000.192: sourcing /Users/nick/.vim/plugged/vim-airline/autoload/airline/builder.vim
379.250  000.115  000.115: sourcing /Users/nick/.vim/plugged/vim-airline/autoload/airline/extensions/default.vim
416.033  005.376  005.376: sourcing /Users/nick/.vim/plugged/vim-fugitive/autoload/fugitive.vim
417.169  082.225: opening buffers
417.679  000.334  000.334: sourcing /Users/nick/.vim/plugged/vim-gitgutter/autoload/gitgutter.vim
417.985  000.481: BufEnter autocommands
417.992  000.006: editing files in windows
418.563  000.436  000.436: sourcing /Users/nick/.vim/plugged/deoplete.nvim/autoload/deoplete/init.vim
419.277  000.575  000.575: sourcing /Users/nick/.vim/plugged/deoplete.nvim/autoload/deoplete/util.vim
419.640  000.266  000.266: sourcing /Users/nick/.vim/plugged/deoplete.nvim/autoload/deoplete/custom.vim
506.090  000.185  000.185: sourcing /Users/nick/.vim/plugged/deoplete.nvim/autoload/deoplete/mapping.vim
506.486  000.229  000.229: sourcing /Users/nick/.vim/plugged/deoplete.nvim/autoload/deoplete/handler.vim
507.210  087.527: VimEnter autocommands
536.316  028.828  028.828: sourcing /usr/local/share/nvim/runtime/autoload/provider/clipboard.vim
536.337  000.300: before starting main loop
537.607  000.206  000.206: sourcing /Users/nick/.vim/plugged/vim-airline/autoload/airline/extensions/tabline/ctrlspace.vim
538.147  000.198  000.198: sourcing /Users/nick/.vim/plugged/vim-airline/autoload/airline/extensions/tabline/builder.vim
542.335  000.086  000.086: sourcing /Users/nick/.vim/plugged/vim-airline/autoload/airline/extensions/tabline/buflist.vim
542.718  000.078  000.078: sourcing /Users/nick/.vim/plugged/vim-airline/autoload/airline/extensions/tabline/formatters/default.vim
544.081  000.035  000.035: sourcing /Users/nick/.vim/plugged/vim-airline/autoload/airline/extensions/tabline/formatters/tabnr.vim
551.031  000.224  000.224: sourcing /Users/nick/.vim/plugged/vim-airline/autoload/airline/async.vim
554.581  000.701  000.701: sourcing /Users/nick/.vim/plugged/ale/autoload/ale/engine.vim
554.833  000.069  000.069: sourcing /Users/nick/.vim/plugged/ale/autoload/ale/statusline.vim
556.060  000.265  000.265: sourcing /Users/nick/.vim/plugged/vim-gitgutter/autoload/gitgutter/hunk.vim
557.339  019.139: first screen update
557.342  000.003: --- NVIM STARTED ---
